<?xml version="1.0" encoding="UTF-8"?>
<robot generator="Robot 3.2.1 (Python 3.7.7 on win32)" generated="20220720 00:17:55.982" rpa="false">
<suite id="s1" name="calculator python appium RF" source="D:\workspace\Astros201\calculator_python_appium_RF.robot">
<test id="s1-t1" name="Caluator 1+2+..+10">
<kw name="Open Application" library="AppiumLibrary">
<doc>Opens a new application to given Appium server.
Capabilities of appium server, Android and iOS,
Please check https://github.com/appium/appium/blob/master/docs/en/writing-running-appium/server-args.md
| *Option*            | *Man.* | *Description*     |
| remote_url          | Yes    | Appium server url |
| alias               | no     | alias             |</doc>
<arguments>
<arg>${APPIUM_SERVER}</arg>
<arg>platformName=android</arg>
<arg>platformVersion=${ANDROID_OS_VERSION}</arg>
<arg>deviceName=${ANDROID_UUID}</arg>
<arg>automationName=uiautomator2</arg>
<arg>alias=mobile</arg>
</arguments>
<assign>
<var>${driver}</var>
</assign>
<msg timestamp="20220720 00:18:03.632" level="INFO">${driver} = 1</msg>
<status status="PASS" starttime="20220720 00:17:56.141" endtime="20220720 00:18:03.632"></status>
</kw>
<kw name="Wait And Click">
<arguments>
<arg>${LOCATOR_BTN_1}</arg>
</arguments>
<kw name="Wait Until Page Contains Element" library="AppiumLibrary">
<doc>Waits until element specified with `locator` appears on current page.</doc>
<arguments>
<arg>${locator}</arg>
<arg>timeout=${TIMEOUT}</arg>
</arguments>
<status status="PASS" starttime="20220720 00:18:03.633" endtime="20220720 00:18:03.684"></status>
</kw>
<kw name="Click Element" library="AppiumLibrary">
<doc>Click element identified by `locator`.</doc>
<arguments>
<arg>${locator}</arg>
</arguments>
<msg timestamp="20220720 00:18:03.685" level="INFO">Clicking element 'id=com.android.calculator2:id/digit_1'.</msg>
<status status="PASS" starttime="20220720 00:18:03.684" endtime="20220720 00:18:04.306"></status>
</kw>
<status status="PASS" starttime="20220720 00:18:03.633" endtime="20220720 00:18:04.306"></status>
</kw>
<kw name="Wait And Click">
<arguments>
<arg>${LOCATOR_BTN_+}</arg>
</arguments>
<kw name="Wait Until Page Contains Element" library="AppiumLibrary">
<doc>Waits until element specified with `locator` appears on current page.</doc>
<arguments>
<arg>${locator}</arg>
<arg>timeout=${TIMEOUT}</arg>
</arguments>
<status status="PASS" starttime="20220720 00:18:04.308" endtime="20220720 00:18:04.364"></status>
</kw>
<kw name="Click Element" library="AppiumLibrary">
<doc>Click element identified by `locator`.</doc>
<arguments>
<arg>${locator}</arg>
</arguments>
<msg timestamp="20220720 00:18:04.366" level="INFO">Clicking element 'id=com.android.calculator2:id/op_add'.</msg>
<status status="PASS" starttime="20220720 00:18:04.364" endtime="20220720 00:18:04.480"></status>
</kw>
<status status="PASS" starttime="20220720 00:18:04.307" endtime="20220720 00:18:04.480"></status>
</kw>
<kw name="Wait And Click">
<arguments>
<arg>${LOCATOR_BTN_2}</arg>
</arguments>
<kw name="Wait Until Page Contains Element" library="AppiumLibrary">
<doc>Waits until element specified with `locator` appears on current page.</doc>
<arguments>
<arg>${locator}</arg>
<arg>timeout=${TIMEOUT}</arg>
</arguments>
<status status="PASS" starttime="20220720 00:18:04.481" endtime="20220720 00:18:05.025"></status>
</kw>
<kw name="Click Element" library="AppiumLibrary">
<doc>Click element identified by `locator`.</doc>
<arguments>
<arg>${locator}</arg>
</arguments>
<msg timestamp="20220720 00:18:05.027" level="INFO">Clicking element 'id=com.android.calculator2:id/digit_2'.</msg>
<status status="PASS" starttime="20220720 00:18:05.025" endtime="20220720 00:18:05.139"></status>
</kw>
<status status="PASS" starttime="20220720 00:18:04.481" endtime="20220720 00:18:05.140"></status>
</kw>
<kw name="Wait And Click">
<arguments>
<arg>${LOCATOR_BTN_+}</arg>
</arguments>
<kw name="Wait Until Page Contains Element" library="AppiumLibrary">
<doc>Waits until element specified with `locator` appears on current page.</doc>
<arguments>
<arg>${locator}</arg>
<arg>timeout=${TIMEOUT}</arg>
</arguments>
<status status="PASS" starttime="20220720 00:18:05.141" endtime="20220720 00:18:05.697"></status>
</kw>
<kw name="Click Element" library="AppiumLibrary">
<doc>Click element identified by `locator`.</doc>
<arguments>
<arg>${locator}</arg>
</arguments>
<msg timestamp="20220720 00:18:05.701" level="INFO">Clicking element 'id=com.android.calculator2:id/op_add'.</msg>
<status status="PASS" starttime="20220720 00:18:05.697" endtime="20220720 00:18:05.839"></status>
</kw>
<status status="PASS" starttime="20220720 00:18:05.140" endtime="20220720 00:18:05.839"></status>
</kw>
<kw name="Wait And Click">
<arguments>
<arg>${LOCATOR_BTN_3}</arg>
</arguments>
<kw name="Wait Until Page Contains Element" library="AppiumLibrary">
<doc>Waits until element specified with `locator` appears on current page.</doc>
<arguments>
<arg>${locator}</arg>
<arg>timeout=${TIMEOUT}</arg>
</arguments>
<status status="PASS" starttime="20220720 00:18:05.840" endtime="20220720 00:18:06.384"></status>
</kw>
<kw name="Click Element" library="AppiumLibrary">
<doc>Click element identified by `locator`.</doc>
<arguments>
<arg>${locator}</arg>
</arguments>
<msg timestamp="20220720 00:18:06.385" level="INFO">Clicking element 'id=com.android.calculator2:id/digit_3'.</msg>
<status status="PASS" starttime="20220720 00:18:06.384" endtime="20220720 00:18:06.512"></status>
</kw>
<status status="PASS" starttime="20220720 00:18:05.839" endtime="20220720 00:18:06.513"></status>
</kw>
<kw name="Wait And Click">
<arguments>
<arg>${LOCATOR_BTN_+}</arg>
</arguments>
<kw name="Wait Until Page Contains Element" library="AppiumLibrary">
<doc>Waits until element specified with `locator` appears on current page.</doc>
<arguments>
<arg>${locator}</arg>
<arg>timeout=${TIMEOUT}</arg>
</arguments>
<status status="PASS" starttime="20220720 00:18:06.513" endtime="20220720 00:18:07.058"></status>
</kw>
<kw name="Click Element" library="AppiumLibrary">
<doc>Click element identified by `locator`.</doc>
<arguments>
<arg>${locator}</arg>
</arguments>
<msg timestamp="20220720 00:18:07.060" level="INFO">Clicking element 'id=com.android.calculator2:id/op_add'.</msg>
<status status="PASS" starttime="20220720 00:18:07.059" endtime="20220720 00:18:07.198"></status>
</kw>
<status status="PASS" starttime="20220720 00:18:06.513" endtime="20220720 00:18:07.199"></status>
</kw>
<kw name="Wait And Click">
<arguments>
<arg>${LOCATOR_BTN_4}</arg>
</arguments>
<kw name="Wait Until Page Contains Element" library="AppiumLibrary">
<doc>Waits until element specified with `locator` appears on current page.</doc>
<arguments>
<arg>${locator}</arg>
<arg>timeout=${TIMEOUT}</arg>
</arguments>
<status status="PASS" starttime="20220720 00:18:07.199" endtime="20220720 00:18:07.739"></status>
</kw>
<kw name="Click Element" library="AppiumLibrary">
<doc>Click element identified by `locator`.</doc>
<arguments>
<arg>${locator}</arg>
</arguments>
<msg timestamp="20220720 00:18:07.741" level="INFO">Clicking element 'id=com.android.calculator2:id/digit_4'.</msg>
<status status="PASS" starttime="20220720 00:18:07.739" endtime="20220720 00:18:07.886"></status>
</kw>
<status status="PASS" starttime="20220720 00:18:07.199" endtime="20220720 00:18:07.886"></status>
</kw>
<kw name="Wait And Click">
<arguments>
<arg>${LOCATOR_BTN_+}</arg>
</arguments>
<kw name="Wait Until Page Contains Element" library="AppiumLibrary">
<doc>Waits until element specified with `locator` appears on current page.</doc>
<arguments>
<arg>${locator}</arg>
<arg>timeout=${TIMEOUT}</arg>
</arguments>
<status status="PASS" starttime="20220720 00:18:07.887" endtime="20220720 00:18:08.422"></status>
</kw>
<kw name="Click Element" library="AppiumLibrary">
<doc>Click element identified by `locator`.</doc>
<arguments>
<arg>${locator}</arg>
</arguments>
<msg timestamp="20220720 00:18:08.424" level="INFO">Clicking element 'id=com.android.calculator2:id/op_add'.</msg>
<status status="PASS" starttime="20220720 00:18:08.422" endtime="20220720 00:18:08.538"></status>
</kw>
<status status="PASS" starttime="20220720 00:18:07.886" endtime="20220720 00:18:08.538"></status>
</kw>
<kw name="Wait And Click">
<arguments>
<arg>${LOCATOR_BTN_5}</arg>
</arguments>
<kw name="Wait Until Page Contains Element" library="AppiumLibrary">
<doc>Waits until element specified with `locator` appears on current page.</doc>
<arguments>
<arg>${locator}</arg>
<arg>timeout=${TIMEOUT}</arg>
</arguments>
<status status="PASS" starttime="20220720 00:18:08.539" endtime="20220720 00:18:09.075"></status>
</kw>
<kw name="Click Element" library="AppiumLibrary">
<doc>Click element identified by `locator`.</doc>
<arguments>
<arg>${locator}</arg>
</arguments>
<msg timestamp="20220720 00:18:09.077" level="INFO">Clicking element 'id=com.android.calculator2:id/digit_5'.</msg>
<status status="PASS" starttime="20220720 00:18:09.076" endtime="20220720 00:18:09.188"></status>
</kw>
<status status="PASS" starttime="20220720 00:18:08.539" endtime="20220720 00:18:09.189"></status>
</kw>
<kw name="Wait And Click">
<arguments>
<arg>${LOCATOR_BTN_+}</arg>
</arguments>
<kw name="Wait Until Page Contains Element" library="AppiumLibrary">
<doc>Waits until element specified with `locator` appears on current page.</doc>
<arguments>
<arg>${locator}</arg>
<arg>timeout=${TIMEOUT}</arg>
</arguments>
<status status="PASS" starttime="20220720 00:18:09.190" endtime="20220720 00:18:09.737"></status>
</kw>
<kw name="Click Element" library="AppiumLibrary">
<doc>Click element identified by `locator`.</doc>
<arguments>
<arg>${locator}</arg>
</arguments>
<msg timestamp="20220720 00:18:09.740" level="INFO">Clicking element 'id=com.android.calculator2:id/op_add'.</msg>
<status status="PASS" starttime="20220720 00:18:09.738" endtime="20220720 00:18:09.870"></status>
</kw>
<status status="PASS" starttime="20220720 00:18:09.189" endtime="20220720 00:18:09.870"></status>
</kw>
<kw name="Wait And Click">
<arguments>
<arg>${LOCATOR_BTN_6}</arg>
</arguments>
<kw name="Wait Until Page Contains Element" library="AppiumLibrary">
<doc>Waits until element specified with `locator` appears on current page.</doc>
<arguments>
<arg>${locator}</arg>
<arg>timeout=${TIMEOUT}</arg>
</arguments>
<status status="PASS" starttime="20220720 00:18:09.871" endtime="20220720 00:18:10.411"></status>
</kw>
<kw name="Click Element" library="AppiumLibrary">
<doc>Click element identified by `locator`.</doc>
<arguments>
<arg>${locator}</arg>
</arguments>
<msg timestamp="20220720 00:18:10.412" level="INFO">Clicking element 'id=com.android.calculator2:id/digit_6'.</msg>
<status status="PASS" starttime="20220720 00:18:10.411" endtime="20220720 00:18:11.060"></status>
</kw>
<status status="PASS" starttime="20220720 00:18:09.871" endtime="20220720 00:18:11.060"></status>
</kw>
<kw name="Wait And Click">
<arguments>
<arg>${LOCATOR_BTN_+}</arg>
</arguments>
<kw name="Wait Until Page Contains Element" library="AppiumLibrary">
<doc>Waits until element specified with `locator` appears on current page.</doc>
<arguments>
<arg>${locator}</arg>
<arg>timeout=${TIMEOUT}</arg>
</arguments>
<status status="PASS" starttime="20220720 00:18:11.062" endtime="20220720 00:18:11.132"></status>
</kw>
<kw name="Click Element" library="AppiumLibrary">
<doc>Click element identified by `locator`.</doc>
<arguments>
<arg>${locator}</arg>
</arguments>
<msg timestamp="20220720 00:18:11.134" level="INFO">Clicking element 'id=com.android.calculator2:id/op_add'.</msg>
<status status="PASS" starttime="20220720 00:18:11.133" endtime="20220720 00:18:11.257"></status>
</kw>
<status status="PASS" starttime="20220720 00:18:11.061" endtime="20220720 00:18:11.258"></status>
</kw>
<kw name="Wait And Click">
<arguments>
<arg>${LOCATOR_BTN_7}</arg>
</arguments>
<kw name="Wait Until Page Contains Element" library="AppiumLibrary">
<doc>Waits until element specified with `locator` appears on current page.</doc>
<arguments>
<arg>${locator}</arg>
<arg>timeout=${TIMEOUT}</arg>
</arguments>
<status status="PASS" starttime="20220720 00:18:11.258" endtime="20220720 00:18:11.793"></status>
</kw>
<kw name="Click Element" library="AppiumLibrary">
<doc>Click element identified by `locator`.</doc>
<arguments>
<arg>${locator}</arg>
</arguments>
<msg timestamp="20220720 00:18:11.794" level="INFO">Clicking element 'id=com.android.calculator2:id/digit_7'.</msg>
<status status="PASS" starttime="20220720 00:18:11.793" endtime="20220720 00:18:11.908"></status>
</kw>
<status status="PASS" starttime="20220720 00:18:11.258" endtime="20220720 00:18:11.908"></status>
</kw>
<kw name="Wait And Click">
<arguments>
<arg>${LOCATOR_BTN_+}</arg>
</arguments>
<kw name="Wait Until Page Contains Element" library="AppiumLibrary">
<doc>Waits until element specified with `locator` appears on current page.</doc>
<arguments>
<arg>${locator}</arg>
<arg>timeout=${TIMEOUT}</arg>
</arguments>
<status status="PASS" starttime="20220720 00:18:11.909" endtime="20220720 00:18:12.460"></status>
</kw>
<kw name="Click Element" library="AppiumLibrary">
<doc>Click element identified by `locator`.</doc>
<arguments>
<arg>${locator}</arg>
</arguments>
<msg timestamp="20220720 00:18:12.462" level="INFO">Clicking element 'id=com.android.calculator2:id/op_add'.</msg>
<status status="PASS" starttime="20220720 00:18:12.460" endtime="20220720 00:18:12.588"></status>
</kw>
<status status="PASS" starttime="20220720 00:18:11.908" endtime="20220720 00:18:12.588"></status>
</kw>
<kw name="Wait And Click">
<arguments>
<arg>${LOCATOR_BTN_8}</arg>
</arguments>
<kw name="Wait Until Page Contains Element" library="AppiumLibrary">
<doc>Waits until element specified with `locator` appears on current page.</doc>
<arguments>
<arg>${locator}</arg>
<arg>timeout=${TIMEOUT}</arg>
</arguments>
<status status="PASS" starttime="20220720 00:18:12.589" endtime="20220720 00:18:13.132"></status>
</kw>
<kw name="Click Element" library="AppiumLibrary">
<doc>Click element identified by `locator`.</doc>
<arguments>
<arg>${locator}</arg>
</arguments>
<msg timestamp="20220720 00:18:13.135" level="INFO">Clicking element 'id=com.android.calculator2:id/digit_8'.</msg>
<status status="PASS" starttime="20220720 00:18:13.132" endtime="20220720 00:18:13.256"></status>
</kw>
<status status="PASS" starttime="20220720 00:18:12.589" endtime="20220720 00:18:13.256"></status>
</kw>
<kw name="Wait And Click">
<arguments>
<arg>${LOCATOR_BTN_+}</arg>
</arguments>
<kw name="Wait Until Page Contains Element" library="AppiumLibrary">
<doc>Waits until element specified with `locator` appears on current page.</doc>
<arguments>
<arg>${locator}</arg>
<arg>timeout=${TIMEOUT}</arg>
</arguments>
<status status="PASS" starttime="20220720 00:18:13.257" endtime="20220720 00:18:13.808"></status>
</kw>
<kw name="Click Element" library="AppiumLibrary">
<doc>Click element identified by `locator`.</doc>
<arguments>
<arg>${locator}</arg>
</arguments>
<msg timestamp="20220720 00:18:13.810" level="INFO">Clicking element 'id=com.android.calculator2:id/op_add'.</msg>
<status status="PASS" starttime="20220720 00:18:13.809" endtime="20220720 00:18:13.921"></status>
</kw>
<status status="PASS" starttime="20220720 00:18:13.256" endtime="20220720 00:18:13.921"></status>
</kw>
<kw name="Wait And Click">
<arguments>
<arg>${LOCATOR_BTN_9}</arg>
</arguments>
<kw name="Wait Until Page Contains Element" library="AppiumLibrary">
<doc>Waits until element specified with `locator` appears on current page.</doc>
<arguments>
<arg>${locator}</arg>
<arg>timeout=${TIMEOUT}</arg>
</arguments>
<status status="PASS" starttime="20220720 00:18:13.922" endtime="20220720 00:18:14.459"></status>
</kw>
<kw name="Click Element" library="AppiumLibrary">
<doc>Click element identified by `locator`.</doc>
<arguments>
<arg>${locator}</arg>
</arguments>
<msg timestamp="20220720 00:18:14.461" level="INFO">Clicking element 'id=com.android.calculator2:id/digit_9'.</msg>
<status status="PASS" starttime="20220720 00:18:14.459" endtime="20220720 00:18:14.600"></status>
</kw>
<status status="PASS" starttime="20220720 00:18:13.921" endtime="20220720 00:18:14.601"></status>
</kw>
<kw name="Wait And Click">
<arguments>
<arg>${LOCATOR_BTN_+}</arg>
</arguments>
<kw name="Wait Until Page Contains Element" library="AppiumLibrary">
<doc>Waits until element specified with `locator` appears on current page.</doc>
<arguments>
<arg>${locator}</arg>
<arg>timeout=${TIMEOUT}</arg>
</arguments>
<status status="PASS" starttime="20220720 00:18:14.602" endtime="20220720 00:18:15.134"></status>
</kw>
<kw name="Click Element" library="AppiumLibrary">
<doc>Click element identified by `locator`.</doc>
<arguments>
<arg>${locator}</arg>
</arguments>
<msg timestamp="20220720 00:18:15.135" level="INFO">Clicking element 'id=com.android.calculator2:id/op_add'.</msg>
<status status="PASS" starttime="20220720 00:18:15.134" endtime="20220720 00:18:15.253"></status>
</kw>
<status status="PASS" starttime="20220720 00:18:14.601" endtime="20220720 00:18:15.254"></status>
</kw>
<kw name="Wait And Click">
<arguments>
<arg>${LOCATOR_BTN_1}</arg>
</arguments>
<kw name="Wait Until Page Contains Element" library="AppiumLibrary">
<doc>Waits until element specified with `locator` appears on current page.</doc>
<arguments>
<arg>${locator}</arg>
<arg>timeout=${TIMEOUT}</arg>
</arguments>
<status status="PASS" starttime="20220720 00:18:15.254" endtime="20220720 00:18:15.801"></status>
</kw>
<kw name="Click Element" library="AppiumLibrary">
<doc>Click element identified by `locator`.</doc>
<arguments>
<arg>${locator}</arg>
</arguments>
<msg timestamp="20220720 00:18:15.804" level="INFO">Clicking element 'id=com.android.calculator2:id/digit_1'.</msg>
<status status="PASS" starttime="20220720 00:18:15.801" endtime="20220720 00:18:15.952"></status>
</kw>
<status status="PASS" starttime="20220720 00:18:15.254" endtime="20220720 00:18:15.952"></status>
</kw>
<kw name="Wait And Click">
<arguments>
<arg>${LOCATOR_BTN_0}</arg>
</arguments>
<kw name="Wait Until Page Contains Element" library="AppiumLibrary">
<doc>Waits until element specified with `locator` appears on current page.</doc>
<arguments>
<arg>${locator}</arg>
<arg>timeout=${TIMEOUT}</arg>
</arguments>
<status status="PASS" starttime="20220720 00:18:15.953" endtime="20220720 00:18:16.485"></status>
</kw>
<kw name="Click Element" library="AppiumLibrary">
<doc>Click element identified by `locator`.</doc>
<arguments>
<arg>${locator}</arg>
</arguments>
<msg timestamp="20220720 00:18:16.488" level="INFO">Clicking element 'id=com.android.calculator2:id/digit_0'.</msg>
<status status="PASS" starttime="20220720 00:18:16.485" endtime="20220720 00:18:16.610"></status>
</kw>
<status status="PASS" starttime="20220720 00:18:15.953" endtime="20220720 00:18:16.610"></status>
</kw>
<kw name="Wait And Click">
<arguments>
<arg>${LOCATOR_BTN_=}</arg>
</arguments>
<kw name="Wait Until Page Contains Element" library="AppiumLibrary">
<doc>Waits until element specified with `locator` appears on current page.</doc>
<arguments>
<arg>${locator}</arg>
<arg>timeout=${TIMEOUT}</arg>
</arguments>
<status status="PASS" starttime="20220720 00:18:16.611" endtime="20220720 00:18:17.146"></status>
</kw>
<kw name="Click Element" library="AppiumLibrary">
<doc>Click element identified by `locator`.</doc>
<arguments>
<arg>${locator}</arg>
</arguments>
<msg timestamp="20220720 00:18:17.148" level="INFO">Clicking element 'id=com.android.calculator2:id/eq'.</msg>
<status status="PASS" starttime="20220720 00:18:17.146" endtime="20220720 00:18:17.275"></status>
</kw>
<status status="PASS" starttime="20220720 00:18:16.611" endtime="20220720 00:18:17.276"></status>
</kw>
<kw name="Wait And Get Text">
<arguments>
<arg>${LOCATOR_RESULT}</arg>
</arguments>
<assign>
<var>${result}</var>
</assign>
<kw name="Wait Until Page Contains Element" library="AppiumLibrary">
<doc>Waits until element specified with `locator` appears on current page.</doc>
<arguments>
<arg>${locator}</arg>
<arg>timeout=${TIMEOUT}</arg>
</arguments>
<status status="PASS" starttime="20220720 00:18:17.277" endtime="20220720 00:18:18.330"></status>
</kw>
<kw name="Get Text" library="AppiumLibrary">
<doc>Get element text (for hybrid and mobile browser use `xpath` locator, others might cause problem)</doc>
<arguments>
<arg>${locator}</arg>
</arguments>
<assign>
<var>${text}</var>
</assign>
<msg timestamp="20220720 00:18:18.408" level="INFO">Element 'id=com.android.calculator2:id/result' text is '55' </msg>
<msg timestamp="20220720 00:18:18.408" level="INFO">${text} = 55</msg>
<status status="PASS" starttime="20220720 00:18:18.330" endtime="20220720 00:18:18.408"></status>
</kw>
<msg timestamp="20220720 00:18:18.409" level="INFO">${result} = 55</msg>
<status status="PASS" starttime="20220720 00:18:17.277" endtime="20220720 00:18:18.409"></status>
</kw>
<kw name="Should Be True" library="BuiltIn">
<doc>Fails if the given condition is not true.</doc>
<arguments>
<arg>${result}==55</arg>
</arguments>
<status status="PASS" starttime="20220720 00:18:18.409" endtime="20220720 00:18:18.410"></status>
</kw>
<status status="PASS" starttime="20220720 00:17:56.140" endtime="20220720 00:18:18.410" critical="yes"></status>
</test>
<doc>Searched bitopro website via google browser</doc>
<status status="PASS" starttime="20220720 00:17:55.984" endtime="20220720 00:18:18.411"></status>
</suite>
<statistics>
<total>
<stat pass="1" fail="0">Critical Tests</stat>
<stat pass="1" fail="0">All Tests</stat>
</total>
<tag>
</tag>
<suite>
<stat pass="1" fail="0" id="s1" name="calculator python appium RF">calculator python appium RF</stat>
</suite>
</statistics>
<errors>
</errors>
</robot>
